0 info it worked if it ends with ok
1 verbose cli [ 'node',
1 verbose cli   'C:\\Users\\spring\\AppData\\Roaming\\npm\\node_modules\\cnpm\\node_modules\\npm\\bin\\npm-cli.js',
1 verbose cli   '--userconfig=C:\\Users\\spring\\.cnpmrc',
1 verbose cli   '--disturl=https://npm.taobao.org/mirrors/node',
1 verbose cli   '--cache=C:\\Users\\spring\\.cnpm',
1 verbose cli   '--registry=https://registry.npm.taobao.org',
1 verbose cli   '--node-gyp=C:\\Users\\spring\\AppData\\Roaming\\npm\\node_modules\\cnpm\\node_modules\\pangyp\\bin\\node-gyp.js',
1 verbose cli   'install',
1 verbose cli   '-g',
1 verbose cli   'avoscloud-code' ]
2 info using npm@2.7.6
3 info using node@v0.12.2
4 verbose install initial load of C:\Program Files\nodejs\package.json
5 verbose readDependencies loading dependencies from C:\Program Files\nodejs\package.json
6 silly cache add args [ 'avoscloud-code', null ]
7 verbose cache add spec avoscloud-code
8 silly cache add parsed spec { raw: 'avoscloud-code',
8 silly cache add   scope: null,
8 silly cache add   name: 'avoscloud-code',
8 silly cache add   rawSpec: '',
8 silly cache add   spec: '*',
8 silly cache add   type: 'range' }
9 silly addNamed avoscloud-code@*
10 verbose addNamed "*" is a valid semver range for avoscloud-code
11 silly addNameRange { name: 'avoscloud-code', range: '*', hasData: false }
12 silly mapToRegistry name avoscloud-code
13 silly mapToRegistry using default registry
14 silly mapToRegistry registry https://registry.npm.taobao.org/
15 silly mapToRegistry uri https://registry.npm.taobao.org/avoscloud-code
16 verbose addNameRange registry:https://registry.npm.taobao.org/avoscloud-code not in flight; fetching
17 verbose request uri https://registry.npm.taobao.org/avoscloud-code
18 verbose request no auth needed
19 info attempt registry request try #1 at 22:58:36
20 verbose request id 0c5201fc76e541c1
21 http request GET https://registry.npm.taobao.org/avoscloud-code
22 http 200 https://registry.npm.taobao.org/avoscloud-code
23 silly get cb [ 200,
23 silly get   { server: 'nginx/1.1.19',
23 silly get     date: 'Thu, 14 May 2015 14:53:03 GMT',
23 silly get     'content-type': 'application/json; charset=utf-8',
23 silly get     'transfer-encoding': 'chunked',
23 silly get     connection: 'keep-alive',
23 silly get     etag: '"1430800019000"',
23 silly get     'x-readtime': '230',
23 silly get     'content-encoding': 'gzip' } ]
24 verbose get saving avoscloud-code to C:\Users\spring\.cnpm\registry.npm.taobao.org\avoscloud-code\.cache.json
25 verbose getCacheStat cache creation not in flight; initializing
26 verbose makeCacheDir UID & GID are irrelevant on win32
27 silly addNameRange number 2 { name: 'avoscloud-code', range: '*', hasData: true }
28 silly addNameRange versions [ 'avoscloud-code',
28 silly addNameRange   [ '0.7.0',
28 silly addNameRange     '0.6.8',
28 silly addNameRange     '0.6.7',
28 silly addNameRange     '0.6.5',
28 silly addNameRange     '0.6.4',
28 silly addNameRange     '0.6.3',
28 silly addNameRange     '0.6.2',
28 silly addNameRange     '0.6.1',
28 silly addNameRange     '0.6.0',
28 silly addNameRange     '0.5.2',
28 silly addNameRange     '0.5.1',
28 silly addNameRange     '0.5.0',
28 silly addNameRange     '0.4.9',
28 silly addNameRange     '0.4.9-RC3',
28 silly addNameRange     '0.4.9-RC2',
28 silly addNameRange     '0.4.9-RC1',
28 silly addNameRange     '0.4.9-beta',
28 silly addNameRange     '0.4.8-beta',
28 silly addNameRange     '0.4.7',
28 silly addNameRange     '0.4.6',
28 silly addNameRange     '0.4.5',
28 silly addNameRange     '0.4.4',
28 silly addNameRange     '0.4.2',
28 silly addNameRange     '0.4.1',
28 silly addNameRange     '0.3.8',
28 silly addNameRange     '0.3.7',
28 silly addNameRange     '0.3.6',
28 silly addNameRange     '0.3.5',
28 silly addNameRange     '0.3.4',
28 silly addNameRange     '0.4.0',
28 silly addNameRange     '0.3.9',
28 silly addNameRange     '0.3.3',
28 silly addNameRange     '0.3.3-beta',
28 silly addNameRange     '0.3.2',
28 silly addNameRange     '0.3.1',
28 silly addNameRange     '0.3.0-rc1',
28 silly addNameRange     '0.3.0-beta3',
28 silly addNameRange     '0.3.0-beta2',
28 silly addNameRange     '0.3.0-beta' ] ]
29 silly addNamed avoscloud-code@0.7.0
30 verbose addNamed "0.7.0" is a plain semver version for avoscloud-code
31 silly mapToRegistry name avoscloud-code
32 silly mapToRegistry using default registry
33 silly mapToRegistry registry https://registry.npm.taobao.org/
34 silly mapToRegistry uri https://registry.npm.taobao.org/avoscloud-code
35 verbose addRemoteTarball https://registry.npm.taobao.org/avoscloud-code/download/avoscloud-code-0.7.0.tgz not in flight; adding
36 verbose addRemoteTarball [ 'https://registry.npm.taobao.org/avoscloud-code/download/avoscloud-code-0.7.0.tgz',
36 verbose addRemoteTarball   'f648038edd47bfd908a23427d600d24725004b55' ]
37 info retry fetch attempt 1 at 22:58:36
38 info attempt registry request try #1 at 22:58:36
39 http fetch GET https://registry.npm.taobao.org/avoscloud-code/download/avoscloud-code-0.7.0.tgz
40 http fetch 200 https://registry.npm.taobao.org/avoscloud-code/download/avoscloud-code-0.7.0.tgz
41 silly fetchAndShaCheck shasum f648038edd47bfd908a23427d600d24725004b55
42 verbose addTmpTarball C:\Users\spring\AppData\Local\Temp\npm-4164-5a849beb\registry.npm.taobao.org\avoscloud-code\download\avoscloud-code-0.7.0.tgz not in flight; adding
43 verbose addTmpTarball already have metadata; skipping unpack for avoscloud-code@0.7.0
44 silly cache afterAdd avoscloud-code@0.7.0
45 verbose afterAdd C:\Users\spring\.cnpm\avoscloud-code\0.7.0\package\package.json not in flight; writing
46 verbose afterAdd C:\Users\spring\.cnpm\avoscloud-code\0.7.0\package\package.json written
47 silly install resolved [ { name: 'avoscloud-code',
47 silly install resolved     version: '0.7.0',
47 silly install resolved     main: './lib/cloud_code.js',
47 silly install resolved     description: 'AVOS Cloud Code SDK.',
47 silly install resolved     repository:
47 silly install resolved      { type: 'git',
47 silly install resolved        url: 'git@github.com:avoscloud/avoscloud-code-command.git' },
47 silly install resolved     keywords: [ 'cloud', 'BaaS', 'avos', 'avoscloud', 'web-service' ],
47 silly install resolved     bugs: { url: 'https://github.com/avoscloud/avoscloud-code-command/issues' },
47 silly install resolved     dependencies:
47 silly install resolved      { archiver: '0.13.0',
47 silly install resolved        async: '0.9.0',
47 silly install resolved        'avos-lock': 'latest',
47 silly install resolved        'avoscloud-sdk': 'latest',
47 silly install resolved        'buffer-crc32': '0.2.1',
47 silly install resolved        'cli-color': '0.3.2',
47 silly install resolved        'cli-table': '0.3.1',
47 silly install resolved        commander: '2.2.0',
47 silly install resolved        connect: '2.8.8',
47 silly install resolved        'cookie-signature': '1.0.1',
47 silly install resolved        cron: 'latest',
47 silly install resolved        debug: '0.7.4',
47 silly install resolved        'decompress-zip': '0.1.0',
47 silly install resolved        ejs: '0.8.4',
47 silly install resolved        express: '3.4.0',
47 silly install resolved        'express-ejs-layouts': '0.3.1',
47 silly install resolved        fstream: '0.1.25',
47 silly install resolved        'iconv-lite': '0.2.11',
47 silly install resolved        jade: '0.26.0',
47 silly install resolved        jshint: '^2.6.0',
47 silly install resolved        mailgun: '0.4.2',
47 silly install resolved        mandrill: '0.1.0',
47 silly install resolved        mime: '1.2.11',
47 silly install resolved        moment: '2.7.0',
47 silly install resolved        'moment-timezone': '0.0.6',
47 silly install resolved        'node-qiniu': '6.1.6',
47 silly install resolved        nodemon: '1.3.7',
47 silly install resolved        promptly: '0.2.0',
47 silly install resolved        qiniu: '6.1.5',
47 silly install resolved        qs: '0.6.5',
47 silly install resolved        rekuire: '0.1.3',
47 silly install resolved        request: '2.45.0',
47 silly install resolved        sendgrid: '1.0.5',
47 silly install resolved        'sprintf-js': '0.0.7',
47 silly install resolved        stripe: '2.5.0',
47 silly install resolved        tar: '0.1.19',
47 silly install resolved        underscore: '1.8.2',
47 silly install resolved        'underscore.string': '2.3.3',
47 silly install resolved        weibo: '0.6.9',
47 silly install resolved        xml2js: '0.4.4' },
47 silly install resolved     bin: { avoscloud: './bin/avoscloud' },
47 silly install resolved     engines: [ 'node >= 0.10.0' ],
47 silly install resolved     devDependencies: { mocha: '1.9.0', 'expect.js ': '0.2.0' },
47 silly install resolved     author: { name: 'dennis zhuang', email: 'xzhuang@avos.com' },
47 silly install resolved     license: 'LGPL',
47 silly install resolved     gitHead: '74b7e3390397794bf66950521db7ae2fadcc7dfe',
47 silly install resolved     homepage: 'https://github.com/avoscloud/avoscloud-code-command',
47 silly install resolved     _id: 'avoscloud-code@0.7.0',
47 silly install resolved     scripts: {},
47 silly install resolved     _shasum: 'f648038edd47bfd908a23427d600d24725004b55',
47 silly install resolved     _from: 'avoscloud-code@*',
47 silly install resolved     _npmVersion: '2.5.1',
47 silly install resolved     _nodeVersion: '0.12.0',
47 silly install resolved     _npmUser: { name: 'avos', email: 'xzhuang@avos.com' },
47 silly install resolved     maintainers: [ [Object] ],
47 silly install resolved     dist:
47 silly install resolved      { shasum: 'f648038edd47bfd908a23427d600d24725004b55',
47 silly install resolved        size: 1594431,
47 silly install resolved        noattachment: false,
47 silly install resolved        tarball: 'http://registry.npm.taobao.org/avoscloud-code/download/avoscloud-code-0.7.0.tgz' },
47 silly install resolved     directories: {},
47 silly install resolved     publish_time: 1430798958343,
47 silly install resolved     _cnpm_publish_time: 1430798958343,
47 silly install resolved     _resolved: 'https://registry.npm.taobao.org/avoscloud-code/download/avoscloud-code-0.7.0.tgz' } ]
48 info install avoscloud-code@0.7.0 into C:\Program Files\nodejs
49 info installOne avoscloud-code@0.7.0
50 verbose installOne of avoscloud-code to C:\Program Files\nodejs not in flight; installing
51 verbose lock using C:\Users\spring\.cnpm\_locks\avoscloud-code-aae01027daced923.lock for C:\Program Files\nodejs\node_modules\avoscloud-code
52 silly install write writing avoscloud-code 0.7.0 to C:\Program Files\nodejs\node_modules\avoscloud-code
53 verbose unbuild node_modules\avoscloud-code
54 silly gentlyRm C:\Program Files\nodejs\node_modules\avoscloud-code is being purged from base C:\Program Files\nodejs
55 verbose gentlyRm don't care about contents; nuking C:\Program Files\nodejs\node_modules\avoscloud-code
56 verbose tar unpack C:\Users\spring\.cnpm\avoscloud-code\0.7.0\package.tgz
57 verbose tar unpacking to C:\Program Files\nodejs\node_modules\avoscloud-code
58 silly gentlyRm C:\Program Files\nodejs\node_modules\avoscloud-code is being purged
59 verbose gentlyRm don't care about contents; nuking C:\Program Files\nodejs\node_modules\avoscloud-code
60 silly gunzTarPerm modes [ '777', '666' ]
61 error tar.unpack untar error C:\Users\spring\.cnpm\avoscloud-code\0.7.0\package.tgz
62 verbose unlock done using C:\Users\spring\.cnpm\_locks\avoscloud-code-aae01027daced923.lock for C:\Program Files\nodejs\node_modules\avoscloud-code
63 verbose fstream_path C:\Program Files\nodejs\node_modules\avoscloud-code
64 verbose fstream_type Directory
65 verbose fstream_class DirWriter
66 verbose stack Error: EPERM, mkdir 'C:\Program Files\nodejs\node_modules\avoscloud-code'
66 verbose stack     at Error (native)
67 verbose fstream_stack C:\Users\spring\AppData\Roaming\npm\node_modules\cnpm\node_modules\npm\node_modules\fstream\lib\dir-writer.js:36:23
67 verbose fstream_stack C:\Users\spring\AppData\Roaming\npm\node_modules\cnpm\node_modules\npm\node_modules\mkdirp\index.js:46:53
67 verbose fstream_stack FSReqWrap.oncomplete (fs.js:95:15)
68 verbose cwd D:\moment\moment
69 error Windows_NT 6.1.7601
70 error argv "node" "C:\\Users\\spring\\AppData\\Roaming\\npm\\node_modules\\cnpm\\node_modules\\npm\\bin\\npm-cli.js" "--userconfig=C:\\Users\\spring\\.cnpmrc" "--disturl=https://npm.taobao.org/mirrors/node" "--cache=C:\\Users\\spring\\.cnpm" "--registry=https://registry.npm.taobao.org" "--node-gyp=C:\\Users\\spring\\AppData\\Roaming\\npm\\node_modules\\cnpm\\node_modules\\pangyp\\bin\\node-gyp.js" "install" "-g" "avoscloud-code"
71 error node v0.12.2
72 error npm  v2.7.6
73 error path C:\Program Files\nodejs\node_modules\avoscloud-code
74 error code EPERM
75 error errno -4048
76 error Error: EPERM, mkdir 'C:\Program Files\nodejs\node_modules\avoscloud-code'
76 error     at Error (native)
76 error  { [Error: EPERM, mkdir 'C:\Program Files\nodejs\node_modules\avoscloud-code']
76 error   errno: -4048,
76 error   code: 'EPERM',
76 error   path: 'C:\\Program Files\\nodejs\\node_modules\\avoscloud-code',
76 error   fstream_type: 'Directory',
76 error   fstream_path: 'C:\\Program Files\\nodejs\\node_modules\\avoscloud-code',
76 error   fstream_class: 'DirWriter',
76 error   fstream_stack:
76 error    [ 'C:\\Users\\spring\\AppData\\Roaming\\npm\\node_modules\\cnpm\\node_modules\\npm\\node_modules\\fstream\\lib\\dir-writer.js:36:23',
76 error      'C:\\Users\\spring\\AppData\\Roaming\\npm\\node_modules\\cnpm\\node_modules\\npm\\node_modules\\mkdirp\\index.js:46:53',
76 error      'FSReqWrap.oncomplete (fs.js:95:15)' ] }
77 error Please try running this command again as root/Administrator.
78 verbose exit [ -4048, true ]
79 verbose unbuild node_modules\avoscloud-code
80 silly gentlyRm C:\Program Files\nodejs\node_modules\avoscloud-code is being purged from base C:\Program Files\nodejs
81 verbose gentlyRm don't care about contents; nuking C:\Program Files\nodejs\node_modules\avoscloud-code
